<?xml version="1.0" encoding="UTF-8"?>
<!-- Generated by org.testng.reporters.JUnitReportReporter -->
<testsuite hostname="DGGF3WJH2" failures="0" tests="1" name="com.parameters.ParameterTest" time="10.991" errors="0" timestamp="14 Sep 2020 20:49:07 GMT" skipped="0">
  <testcase classname="com.parameters.ParameterTest" name="yahooLoginTest" time="10.991"/>
</testsuite> <!-- com.parameters.ParameterTest -->
